build/app/intermediates/manifest_merge_blame_file/debug/manifest-merger-blame-debug-report.txt
1<?xml version="1.0" encoding="utf-8"?>
2<manifest xmlns:android="http://schemas.android.com/apk/res/android"
3    package="com.example.yfobs_app"
4    android:versionCode="1"
5    android:versionName="1.0.0" >
6
7    <uses-sdk
8        android:minSdkVersion="19"
9        android:targetSdkVersion="29" />
10    <!--
11         Flutter needs it to communicate with the running application
12         to allow setting breakpoints, to provide hot reload, etc.
13    -->
14    <uses-permission android:name="android.permission.INTERNET" />
14-->src/debug/AndroidManifest.xml:6:5-66
14-->src/debug/AndroidManifest.xml:6:22-64
15    <uses-permission android:name="android.permission.READ_EXTERNAL_STORAGE" />
15-->[:image_picker] AndroidManifest.xml:7:5-80
15-->[:image_picker] AndroidManifest.xml:7:22-77
16    <uses-permission android:name="android.permission.WRITE_EXTERNAL_STORAGE" />
16-->[:image_picker] AndroidManifest.xml:8:5-81
16-->[:image_picker] AndroidManifest.xml:8:22-78
17    <!--
18 io.flutter.app.FlutterApplication is an android.app.Application that
19         calls FlutterMain.startInitialization(this); in its onCreate method.
20         In most cases you can leave this as-is, but you if you want to provide
21         additional functionality it is fine to subclass or reimplement
22         FlutterApplication and put your custom class here.
23    -->
24    <application
24-->src/main/AndroidManifest.xml:8:5-46:19
25        android:name="io.flutter.app.FlutterApplication"
25-->src/main/AndroidManifest.xml:9:9-57
26        android:appComponentFactory="androidx.core.app.CoreComponentFactory"
26-->[androidx.core:core:1.1.0] AndroidManifest.xml:24:18-86
27        android:debuggable="true"
28        android:icon="@mipmap/ic_launcher"
28-->src/main/AndroidManifest.xml:11:9-43
29        android:label="yfobs_app" >
29-->src/main/AndroidManifest.xml:10:9-34
30        <activity
30-->src/main/AndroidManifest.xml:12:9-40:20
31            android:name="com.example.yfobs_app.MainActivity"
31-->src/main/AndroidManifest.xml:13:13-41
32            android:configChanges="orientation|keyboardHidden|keyboard|screenSize|smallestScreenSize|locale|layoutDirection|fontScale|screenLayout|density|uiMode"
32-->src/main/AndroidManifest.xml:16:13-163
33            android:hardwareAccelerated="true"
33-->src/main/AndroidManifest.xml:17:13-47
34            android:launchMode="singleTop"
34-->src/main/AndroidManifest.xml:14:13-43
35            android:theme="@style/LaunchTheme"
35-->src/main/AndroidManifest.xml:15:13-47
36            android:windowSoftInputMode="adjustResize" >
36-->src/main/AndroidManifest.xml:18:13-55
37
38            <!--
39                 Specifies an Android theme to apply to this Activity as soon as
40                 the Android process has started. This theme is visible to the user
41                 while the Flutter UI initializes. After that, this theme continues
42                 to determine the Window background behind the Flutter UI.
43            -->
44            <meta-data
44-->src/main/AndroidManifest.xml:23:13-26:17
45                android:name="io.flutter.embedding.android.NormalTheme"
45-->src/main/AndroidManifest.xml:24:15-70
46                android:resource="@style/NormalTheme" />
46-->src/main/AndroidManifest.xml:25:15-52
47            <!--
48                 Displays an Android View that continues showing the launch screen
49                 Drawable until Flutter paints its first frame, then this splash
50                 screen fades out. A splash screen is useful to avoid any visual
51                 gap between the end of Android's launch screen and the painting of
52                 Flutter's first frame.
53            -->
54            <meta-data
54-->src/main/AndroidManifest.xml:32:13-35:17
55                android:name="io.flutter.embedding.android.SplashScreenDrawable"
55-->src/main/AndroidManifest.xml:33:15-79
56                android:resource="@drawable/launch_background" />
56-->src/main/AndroidManifest.xml:34:15-61
57
58            <intent-filter>
58-->src/main/AndroidManifest.xml:36:13-39:29
59                <action android:name="android.intent.action.MAIN" />
59-->src/main/AndroidManifest.xml:37:17-68
59-->src/main/AndroidManifest.xml:37:25-66
60
61                <category android:name="android.intent.category.LAUNCHER" />
61-->src/main/AndroidManifest.xml:38:17-76
61-->src/main/AndroidManifest.xml:38:27-74
62            </intent-filter>
63        </activity>
64        <!--
65             Don't delete the meta-data below.
66             This is used by the Flutter tool to generate GeneratedPluginRegistrant.java
67        -->
68        <meta-data
68-->src/main/AndroidManifest.xml:43:9-45:33
69            android:name="flutterEmbedding"
69-->src/main/AndroidManifest.xml:44:13-44
70            android:value="2" />
70-->src/main/AndroidManifest.xml:45:13-30
71
72        <provider
72-->[:image_picker] AndroidManifest.xml:11:9-19:20
73            android:name="io.flutter.plugins.imagepicker.ImagePickerFileProvider"
73-->[:image_picker] AndroidManifest.xml:12:13-82
74            android:authorities="com.example.yfobs_app.flutter.image_provider"
74-->[:image_picker] AndroidManifest.xml:13:13-74
75            android:exported="false"
75-->[:image_picker] AndroidManifest.xml:14:13-37
76            android:grantUriPermissions="true" >
76-->[:image_picker] AndroidManifest.xml:15:13-47
77            <meta-data
77-->[:image_picker] AndroidManifest.xml:16:13-18:75
78                android:name="android.support.FILE_PROVIDER_PATHS"
78-->[:image_picker] AndroidManifest.xml:17:17-67
79                android:resource="@xml/flutter_image_picker_file_paths" />
79-->[:image_picker] AndroidManifest.xml:18:17-72
80        </provider>
81
82        <activity
82-->[:url_launcher] AndroidManifest.xml:8:9-11:74
83            android:name="io.flutter.plugins.urllauncher.WebViewActivity"
83-->[:url_launcher] AndroidManifest.xml:9:13-74
84            android:exported="false"
84-->[:url_launcher] AndroidManifest.xml:10:13-37
85            android:theme="@android:style/Theme.NoTitleBar.Fullscreen" />
85-->[:url_launcher] AndroidManifest.xml:11:13-71
86        <activity
86-->[com.google.android.gms:play-services-auth:17.0.0] AndroidManifest.xml:23:9-27:75
87            android:name="com.google.android.gms.auth.api.signin.internal.SignInHubActivity"
87-->[com.google.android.gms:play-services-auth:17.0.0] AndroidManifest.xml:24:13-93
88            android:excludeFromRecents="true"
88-->[com.google.android.gms:play-services-auth:17.0.0] AndroidManifest.xml:25:13-46
89            android:exported="false"
89-->[com.google.android.gms:play-services-auth:17.0.0] AndroidManifest.xml:26:13-37
90            android:theme="@android:style/Theme.Translucent.NoTitleBar" />
90-->[com.google.android.gms:play-services-auth:17.0.0] AndroidManifest.xml:27:13-72
91        <!--
92            Service handling Google Sign-In user revocation. For apps that do not integrate with
93            Google Sign-In, this service will never be started.
94        -->
95        <service
95-->[com.google.android.gms:play-services-auth:17.0.0] AndroidManifest.xml:33:9-36:110
96            android:name="com.google.android.gms.auth.api.signin.RevocationBoundService"
96-->[com.google.android.gms:play-services-auth:17.0.0] AndroidManifest.xml:34:13-89
97            android:exported="true"
97-->[com.google.android.gms:play-services-auth:17.0.0] AndroidManifest.xml:35:13-36
98            android:permission="com.google.android.gms.auth.api.signin.permission.REVOCATION_NOTIFICATION" />
98-->[com.google.android.gms:play-services-auth:17.0.0] AndroidManifest.xml:36:13-107
99
100        <activity
100-->[com.google.android.gms:play-services-base:17.0.0] AndroidManifest.xml:23:9-26:75
101            android:name="com.google.android.gms.common.api.GoogleApiActivity"
101-->[com.google.android.gms:play-services-base:17.0.0] AndroidManifest.xml:24:13-79
102            android:exported="false"
102-->[com.google.android.gms:play-services-base:17.0.0] AndroidManifest.xml:25:13-37
103            android:theme="@android:style/Theme.Translucent.NoTitleBar" />
103-->[com.google.android.gms:play-services-base:17.0.0] AndroidManifest.xml:26:13-72
104
105        <meta-data
105-->[com.google.android.gms:play-services-basement:17.0.0] AndroidManifest.xml:23:9-25:69
106            android:name="com.google.android.gms.version"
106-->[com.google.android.gms:play-services-basement:17.0.0] AndroidManifest.xml:24:13-58
107            android:value="@integer/google_play_services_version" />
107-->[com.google.android.gms:play-services-basement:17.0.0] AndroidManifest.xml:25:13-66
108    </application>
109
110</manifest>